2020-10-06 16:14:35 Error: [MissingPluginException] Plugin DebugKit could not be found.
Exception Attributes: array (
  'plugin' => 'DebugKit',
)
Stack Trace:
#0 /var/www/html/app/Config/bootstrap.php(113): CakePlugin::load()
#1 /var/www/html/lib/Cake/Core/Configure.php(98): include('/var/www/html/a...')
#2 /var/www/html/lib/Cake/bootstrap.php(432): Configure::bootstrap()
#3 /var/www/html/app/webroot/index.php(102): include('/var/www/html/l...')
#4 {main}
2020-10-06 16:16:01 Error: [MissingPluginException] Plugin DebugKit could not be found.
Exception Attributes: array (
  'plugin' => 'DebugKit',
)
Request URL: /
Stack Trace:
#0 /var/www/html/lib/Cake/Core/App.php(227): CakePlugin::path()
#1 /var/www/html/lib/Cake/Core/App.php(549): App::path()
#2 [internal function]: App::load()
#3 [internal function]: spl_autoload_call()
#4 /var/www/html/lib/Cake/Controller/ComponentCollection.php(110): class_exists()
#5 /var/www/html/lib/Cake/Controller/ComponentCollection.php(53): ComponentCollection->load()
#6 /var/www/html/lib/Cake/Controller/Controller.php(649): ComponentCollection->init()
#7 /var/www/html/lib/Cake/Routing/Dispatcher.php(188): Controller->constructClasses()
#8 /var/www/html/lib/Cake/Routing/Dispatcher.php(167): Dispatcher->_invoke()
#9 /var/www/html/app/webroot/index.php(117): Dispatcher->dispatch()
#10 {main}
2020-10-06 16:26:40 Error: [MissingViewException] View file "Posts/index.ctp" is missing.
Exception Attributes: array (
  'file' => 'Posts/index.ctp',
)
Request URL: /posts/index
Stack Trace:
#0 /var/www/html/lib/Cake/View/View.php(470): View->_getViewFileName()
#1 /var/www/html/lib/Cake/Controller/Controller.php(968): View->render()
#2 /var/www/html/lib/Cake/Routing/Dispatcher.php(200): Controller->render()
#3 /var/www/html/lib/Cake/Routing/Dispatcher.php(167): Dispatcher->_invoke()
#4 /var/www/html/app/webroot/index.php(117): Dispatcher->dispatch()
#5 {main}
2020-10-06 16:31:18 Error: [NotFoundException] Invalid post
Request URL: /posts/view/6
Stack Trace:
#0 [internal function]: PostsController->view()
#1 /var/www/html/lib/Cake/Controller/Controller.php(499): ReflectionMethod->invokeArgs()
#2 /var/www/html/lib/Cake/Routing/Dispatcher.php(193): Controller->invokeAction()
#3 /var/www/html/lib/Cake/Routing/Dispatcher.php(167): Dispatcher->_invoke()
#4 /var/www/html/app/webroot/index.php(117): Dispatcher->dispatch()
#5 {main}
